<?xml version="1.0" encoding="UTF-8"?>
<!-- Generated by org.testng.reporters.JUnitXMLReporter -->
<testsuite ignored="0" hostname="DESKTOP-AE4CVMC" failures="0" tests="2" name="Default test" time="35.989" errors="0" timestamp="2023-11-10T18:37:02 GMT">
  <testcase classname="workingWithTestNG.WorkingWithConfigureAnnotation1" name="TestCase1" time="0.087"/>
  <testcase classname="workingWithTestNG.WorkingWithConfigureAnnotation1" name="TestCase2" time="0.004"/>
</testsuite> <!-- Default test -->
