<?xml version="1.0" encoding="UTF-8"?>
<testng-results ignored="0" total="2" passed="2" failed="0" skipped="0">
  <reporter-output>
  </reporter-output>
  <suite started-at="2023-11-10T18:36:26 GMT" name="Default suite" finished-at="2023-11-10T18:37:02 GMT" duration-ms="35989">
    <groups>
    </groups>
    <test started-at="2023-11-10T18:36:26 GMT" name="Default test" finished-at="2023-11-10T18:37:02 GMT" duration-ms="35989">
      <class name="workingWithTestNG.WorkingWithConfigureAnnotation1">
        <test-method is-config="true" signature="LaunchBrowser()[pri:0, instance:workingWithTestNG.WorkingWithConfigureAnnotation1@1f1cae23]" started-at="2023-11-10T18:36:26 GMT" name="LaunchBrowser" finished-at="2023-11-10T18:36:31 GMT" duration-ms="4571" status="PASS">
          <reporter-output>
          </reporter-output>
        </test-method> <!-- LaunchBrowser -->
        <test-method is-config="true" signature="performLogin()[pri:0, instance:workingWithTestNG.WorkingWithConfigureAnnotation1@1f1cae23]" started-at="2023-11-10T18:36:31 GMT" name="performLogin" finished-at="2023-11-10T18:36:42 GMT" duration-ms="11011" status="PASS">
          <reporter-output>
          </reporter-output>
        </test-method> <!-- performLogin -->
        <test-method signature="TestCase1()[pri:0, instance:workingWithTestNG.WorkingWithConfigureAnnotation1@1f1cae23]" started-at="2023-11-10T18:36:42 GMT" name="TestCase1" finished-at="2023-11-10T18:36:42 GMT" duration-ms="87" status="PASS">
          <reporter-output>
          </reporter-output>
        </test-method> <!-- TestCase1 -->
        <test-method is-config="true" signature="performLogOut()[pri:0, instance:workingWithTestNG.WorkingWithConfigureAnnotation1@1f1cae23]" started-at="2023-11-10T18:36:42 GMT" name="performLogOut" finished-at="2023-11-10T18:36:46 GMT" duration-ms="4035" status="PASS">
          <reporter-output>
          </reporter-output>
        </test-method> <!-- performLogOut -->
        <test-method is-config="true" signature="performLogin()[pri:0, instance:workingWithTestNG.WorkingWithConfigureAnnotation1@1f1cae23]" started-at="2023-11-10T18:36:46 GMT" name="performLogin" finished-at="2023-11-10T18:36:58 GMT" duration-ms="11539" status="PASS">
          <reporter-output>
          </reporter-output>
        </test-method> <!-- performLogin -->
        <test-method signature="TestCase2()[pri:0, instance:workingWithTestNG.WorkingWithConfigureAnnotation1@1f1cae23]" started-at="2023-11-10T18:36:58 GMT" name="TestCase2" finished-at="2023-11-10T18:36:58 GMT" duration-ms="4" status="PASS">
          <reporter-output>
          </reporter-output>
        </test-method> <!-- TestCase2 -->
        <test-method is-config="true" signature="performLogOut()[pri:0, instance:workingWithTestNG.WorkingWithConfigureAnnotation1@1f1cae23]" started-at="2023-11-10T18:36:58 GMT" name="performLogOut" finished-at="2023-11-10T18:37:02 GMT" duration-ms="4345" status="PASS">
          <reporter-output>
          </reporter-output>
        </test-method> <!-- performLogOut -->
        <test-method is-config="true" signature="closeBrowser()[pri:0, instance:workingWithTestNG.WorkingWithConfigureAnnotation1@1f1cae23]" started-at="2023-11-10T18:37:02 GMT" name="closeBrowser" finished-at="2023-11-10T18:37:02 GMT" duration-ms="240" status="PASS">
          <reporter-output>
          </reporter-output>
        </test-method> <!-- closeBrowser -->
      </class> <!-- workingWithTestNG.WorkingWithConfigureAnnotation1 -->
    </test> <!-- Default test -->
  </suite> <!-- Default suite -->
</testng-results>
